<?xml version="1.0" encoding="UTF-8" ?>
<testsuite tests="11" failures="0" name="pro.javatar.security.oidc.services.OidcAuthenticationHelperTest" time="0.038" errors="0" skipped="0">
  <properties>
    <property name="java.runtime.name" value="Java(TM) SE Runtime Environment"/>
    <property name="sun.boot.library.path" value="/root/jenkins/tools/hudson.model.JDK/JDK8_172/jre/lib/amd64"/>
    <property name="java.vm.version" value="25.181-b13"/>
    <property name="java.vm.vendor" value="Oracle Corporation"/>
    <property name="maven.multiModuleProjectDirectory" value="/root/jenkins/workspace/github/release-library/repo"/>
    <property name="java.vendor.url" value="http://java.oracle.com/"/>
    <property name="path.separator" value=":"/>
    <property name="guice.disable.misplaced.annotation.check" value="true"/>
    <property name="java.vm.name" value="Java HotSpot(TM) 64-Bit Server VM"/>
    <property name="file.encoding.pkg" value="sun.io"/>
    <property name="user.country" value="US"/>
    <property name="sun.java.launcher" value="SUN_STANDARD"/>
    <property name="sun.os.patch.level" value="unknown"/>
    <property name="java.vm.specification.name" value="Java Virtual Machine Specification"/>
    <property name="user.dir" value="/root/jenkins/workspace/github/release-library/repo"/>
    <property name="java.runtime.version" value="1.8.0_181-b13"/>
    <property name="java.awt.graphicsenv" value="sun.awt.X11GraphicsEnvironment"/>
    <property name="java.endorsed.dirs" value="/root/jenkins/tools/hudson.model.JDK/JDK8_172/jre/lib/endorsed"/>
    <property name="os.arch" value="amd64"/>
    <property name="java.io.tmpdir" value="/tmp"/>
    <property name="line.separator" value="
"/>
    <property name="java.vm.specification.vendor" value="Oracle Corporation"/>
    <property name="os.name" value="Linux"/>
    <property name="classworlds.conf" value="/root/jenkins/tools/hudson.tasks.Maven_MavenInstallation/maven_354/bin/m2.conf"/>
    <property name="sun.jnu.encoding" value="UTF-8"/>
    <property name="java.library.path" value="/usr/java/packages/lib/amd64:/usr/lib64:/lib64:/lib:/usr/lib"/>
    <property name="maven.conf" value="/root/jenkins/tools/hudson.tasks.Maven_MavenInstallation/maven_354/conf"/>
    <property name="java.specification.name" value="Java Platform API Specification"/>
    <property name="java.class.version" value="52.0"/>
    <property name="sun.management.compiler" value="HotSpot 64-Bit Tiered Compilers"/>
    <property name="os.version" value="4.15.0-22-generic"/>
    <property name="library.jansi.path" value="/root/jenkins/tools/hudson.tasks.Maven_MavenInstallation/maven_354/lib/jansi-native"/>
    <property name="user.home" value="/root"/>
    <property name="user.timezone" value="Europe/Berlin"/>
    <property name="java.awt.printerjob" value="sun.print.PSPrinterJob"/>
    <property name="java.specification.version" value="1.8"/>
    <property name="file.encoding" value="UTF-8"/>
    <property name="user.name" value="root"/>
    <property name="java.class.path" value="/root/jenkins/tools/hudson.tasks.Maven_MavenInstallation/maven_354/boot/plexus-classworlds-2.5.2.jar"/>
    <property name="skipITs" value="false"/>
    <property name="java.vm.specification.version" value="1.8"/>
    <property name="sun.arch.data.model" value="64"/>
    <property name="java.home" value="/root/jenkins/tools/hudson.model.JDK/JDK8_172/jre"/>
    <property name="sun.java.command" value="org.codehaus.plexus.classworlds.launcher.Launcher -B verify -DskipITs=false"/>
    <property name="java.specification.vendor" value="Oracle Corporation"/>
    <property name="user.language" value="en"/>
    <property name="awt.toolkit" value="sun.awt.X11.XToolkit"/>
    <property name="java.vm.info" value="mixed mode"/>
    <property name="java.version" value="1.8.0_181"/>
    <property name="java.ext.dirs" value="/root/jenkins/tools/hudson.model.JDK/JDK8_172/jre/lib/ext:/usr/java/packages/lib/ext"/>
    <property name="securerandom.source" value="file:/dev/./urandom"/>
    <property name="sun.boot.class.path" value="/root/jenkins/tools/hudson.model.JDK/JDK8_172/jre/lib/resources.jar:/root/jenkins/tools/hudson.model.JDK/JDK8_172/jre/lib/rt.jar:/root/jenkins/tools/hudson.model.JDK/JDK8_172/jre/lib/sunrsasign.jar:/root/jenkins/tools/hudson.model.JDK/JDK8_172/jre/lib/jsse.jar:/root/jenkins/tools/hudson.model.JDK/JDK8_172/jre/lib/jce.jar:/root/jenkins/tools/hudson.model.JDK/JDK8_172/jre/lib/charsets.jar:/root/jenkins/tools/hudson.model.JDK/JDK8_172/jre/lib/jfr.jar:/root/jenkins/tools/hudson.model.JDK/JDK8_172/jre/classes"/>
    <property name="java.vendor" value="Oracle Corporation"/>
    <property name="maven.home" value="/root/jenkins/tools/hudson.tasks.Maven_MavenInstallation/maven_354"/>
    <property name="file.separator" value="/"/>
    <property name="java.vendor.url.bug" value="http://bugreport.sun.com/bugreport/"/>
    <property name="sun.cpu.endian" value="little"/>
    <property name="sun.io.unicode.encoding" value="UnicodeLittle"/>
    <property name="sun.cpu.isalist" value=""/>
  </properties>
  <testcase classname="pro.javatar.security.oidc.services.OidcAuthenticationHelperTest" name="realmForCurrentRequest" time="0"/>
  <testcase classname="pro.javatar.security.oidc.services.OidcAuthenticationHelperTest" name="getBearerTokenFromResponse" time="0.014"/>
  <testcase classname="pro.javatar.security.oidc.services.OidcAuthenticationHelperTest" name="getRefreshTokenFromRequest" time="0.017"/>
  <testcase classname="pro.javatar.security.oidc.services.OidcAuthenticationHelperTest" name="validateRealm" time="0.001"/>
  <testcase classname="pro.javatar.security.oidc.services.OidcAuthenticationHelperTest" name="safeCleanupSecurityContext" time="0.002"/>
  <testcase classname="pro.javatar.security.oidc.services.OidcAuthenticationHelperTest" name="validateRealmException" time="0.001"/>
  <testcase classname="pro.javatar.security.oidc.services.OidcAuthenticationHelperTest" name="isTokenExpiredOrShouldBeRefreshed" time="0"/>
  <testcase classname="pro.javatar.security.oidc.services.OidcAuthenticationHelperTest" name="removeCodeFromUrl" time="0"/>
  <testcase classname="pro.javatar.security.oidc.services.OidcAuthenticationHelperTest" name="getBearerTokenFromRequest" time="0.001"/>
  <testcase classname="pro.javatar.security.oidc.services.OidcAuthenticationHelperTest" name="removeCodeFromRequest" time="0.001"/>
  <testcase classname="pro.javatar.security.oidc.services.OidcAuthenticationHelperTest" name="getRefreshTokenFromResponse" time="0.001"/>
</testsuite>